<?xml version="1.0" encoding="UTF-8" ?>
<testsuite errors="2" failures="0" hostname="pi" name="es.csc.biblioteca.customers.dao.CustomersDAOTest" skipped="0" tests="0" time="0.196" timestamp="2016-01-23T18:50:52">
  <properties>
[...]
</properties>
  <testcase classname="junit.framework.TestSuite" name="es.csc.biblioteca.customers.dao.CustomersDAOTest" time="0.0">
    <error message="org.hsqldb.jdbc.JDBCDriver" type="java.lang.ClassNotFoundException">java.lang.ClassNotFoundException: org.hsqldb.jdbc.JDBCDriver
	at java.net.URLClassLoader$1.run(URLClassLoader.java:366)
	at java.net.URLClassLoader$1.run(URLClassLoader.java:355)
	at java.security.AccessController.doPrivileged(Native Method)
	at java.net.URLClassLoader.findClass(URLClassLoader.java:354)
	at java.lang.ClassLoader.loadClass(ClassLoader.java:425)
	at sun.misc.Launcher$AppClassLoader.loadClass(Launcher.java:308)
	at java.lang.ClassLoader.loadClass(ClassLoader.java:358)
	at java.lang.Class.forName0(Native Method)
	at java.lang.Class.forName(Class.java:191)
	at es.csc.biblioteca.customers.dao.CustomersDAOTest.setUpClass(CustomersDAOTest.java:122)
</error>
  </testcase>
  <testcase classname="junit.framework.TestSuite" name="es.csc.biblioteca.customers.dao.CustomersDAOTest" time="0.002">
    <error type="java.lang.NullPointerException">java.lang.NullPointerException
	at es.csc.biblioteca.customers.dao.CustomersDAOTest.tearDownClass(CustomersDAOTest.java:129)
</error>
  </testcase>
  <system-out><![CDATA[]]></system-out>
  <system-err><![CDATA[]]></system-err>
</testsuite>
